0 info it worked if it ends with ok
1 verbose cli [ '/usr/local/bin/node',
1 verbose cli   '/usr/local/bin/npm',
1 verbose cli   'install',
1 verbose cli   'sauce-connect',
1 verbose cli   '--save-dev' ]
2 info using npm@3.6.0
3 info using node@v5.7.1
4 silly loadCurrentTree Starting
5 silly install loadCurrentTree
6 silly install readLocalPackageData
7 silly fetchPackageMetaData sauce-connect
8 silly fetchNamedPackageData sauce-connect
9 silly mapToRegistry name sauce-connect
10 silly mapToRegistry using default registry
11 silly mapToRegistry registry https://registry.npmjs.org/
12 silly mapToRegistry uri https://registry.npmjs.org/sauce-connect
13 verbose request uri https://registry.npmjs.org/sauce-connect
14 verbose request no auth needed
15 info attempt registry request try #1 at 2:38:28 PM
16 verbose request id 51f36d42571e8f90
17 http request GET https://registry.npmjs.org/sauce-connect
18 http 200 https://registry.npmjs.org/sauce-connect
19 verbose headers { server: 'CouchDB/1.5.0 (Erlang OTP/R16B03)',
19 verbose headers   etag: '"1GJNDIFMIN63O2VOMHEIR7M4M"',
19 verbose headers   'content-type': 'application/json',
19 verbose headers   'cache-control': 'max-age=300',
19 verbose headers   'content-length': '3664',
19 verbose headers   'accept-ranges': 'bytes',
19 verbose headers   date: 'Thu, 07 Apr 2016 18:38:29 GMT',
19 verbose headers   via: '1.1 varnish',
19 verbose headers   age: '0',
19 verbose headers   connection: 'keep-alive',
19 verbose headers   'x-served-by': 'cache-iad2137-IAD',
19 verbose headers   'x-cache': 'MISS',
19 verbose headers   'x-cache-hits': '0',
19 verbose headers   'x-timer': 'S1460054309.246854,VS0,VE23',
19 verbose headers   vary: 'Accept-Encoding' }
20 silly get cb [ 200,
20 silly get   { server: 'CouchDB/1.5.0 (Erlang OTP/R16B03)',
20 silly get     etag: '"1GJNDIFMIN63O2VOMHEIR7M4M"',
20 silly get     'content-type': 'application/json',
20 silly get     'cache-control': 'max-age=300',
20 silly get     'content-length': '3664',
20 silly get     'accept-ranges': 'bytes',
20 silly get     date: 'Thu, 07 Apr 2016 18:38:29 GMT',
20 silly get     via: '1.1 varnish',
20 silly get     age: '0',
20 silly get     connection: 'keep-alive',
20 silly get     'x-served-by': 'cache-iad2137-IAD',
20 silly get     'x-cache': 'MISS',
20 silly get     'x-cache-hits': '0',
20 silly get     'x-timer': 'S1460054309.246854,VS0,VE23',
20 silly get     vary: 'Accept-Encoding' } ]
21 verbose get saving sauce-connect to /Users/aliu/.npm/registry.npmjs.org/sauce-connect/.cache.json
22 verbose correctMkdir /Users/aliu/.npm correctMkdir not in flight; initializing
23 silly install normalizeTree
24 silly loadCurrentTree Finishing
25 silly loadIdealTree Starting
26 silly install loadIdealTree
27 silly cloneCurrentTree Starting
28 silly install cloneCurrentTreeToIdealTree
29 silly cloneCurrentTree Finishing
30 silly loadShrinkwrap Starting
31 silly install loadShrinkwrap
32 silly loadShrinkwrap Finishing
33 silly loadAllDepsIntoIdealTree Starting
34 silly install loadAllDepsIntoIdealTree
35 silly resolveWithNewModule sauce-connect@0.1.1 checking installable status
36 silly cache add args [ 'sauce-connect', null ]
37 verbose cache add spec sauce-connect
38 silly cache add parsed spec Result {
38 silly cache add   raw: 'sauce-connect',
38 silly cache add   scope: null,
38 silly cache add   name: 'sauce-connect',
38 silly cache add   rawSpec: '',
38 silly cache add   spec: 'latest',
38 silly cache add   type: 'tag' }
39 silly addNamed sauce-connect@latest
40 verbose addNamed "latest" is being treated as a dist-tag for sauce-connect
41 info addNameTag [ 'sauce-connect', 'latest' ]
42 silly mapToRegistry name sauce-connect
43 silly mapToRegistry using default registry
44 silly mapToRegistry registry https://registry.npmjs.org/
45 silly mapToRegistry uri https://registry.npmjs.org/sauce-connect
46 verbose addNameTag registry:https://registry.npmjs.org/sauce-connect not in flight; fetching
47 verbose get https://registry.npmjs.org/sauce-connect not expired, no request
48 silly addNameTag next cb for sauce-connect with tag latest
49 silly addNamed sauce-connect@0.1.1
50 verbose addNamed "0.1.1" is a plain semver version for sauce-connect
51 silly mapToRegistry name sauce-connect
52 silly mapToRegistry using default registry
53 silly mapToRegistry registry https://registry.npmjs.org/
54 silly mapToRegistry uri https://registry.npmjs.org/sauce-connect
55 verbose addRemoteTarball https://registry.npmjs.org/sauce-connect/-/sauce-connect-0.1.1.tgz not in flight; adding
56 verbose addRemoteTarball [ 'https://registry.npmjs.org/sauce-connect/-/sauce-connect-0.1.1.tgz',
56 verbose addRemoteTarball   '3ae4f33e4946c3de4691f453f8ca6a3d0559c65c' ]
57 info retry fetch attempt 1 at 2:38:29 PM
58 info attempt registry request try #1 at 2:38:29 PM
59 http fetch GET https://registry.npmjs.org/sauce-connect/-/sauce-connect-0.1.1.tgz
60 http fetch 200 https://registry.npmjs.org/sauce-connect/-/sauce-connect-0.1.1.tgz
61 silly fetchAndShaCheck shasum 3ae4f33e4946c3de4691f453f8ca6a3d0559c65c
62 verbose addTmpTarball /var/folders/tk/zh1rq44128b4sfw3_2f4mks80000gn/T/npm-9959-597eae79/registry.npmjs.org/sauce-connect/-/sauce-connect-0.1.1.tgz not in flight; adding
63 verbose addTmpTarball already have metadata; skipping unpack for sauce-connect@0.1.1
64 verbose correctMkdir /Users/aliu/.npm correctMkdir not in flight; initializing
65 silly cache afterAdd sauce-connect@0.1.1
66 verbose afterAdd /Users/aliu/.npm/sauce-connect/0.1.1/package/package.json not in flight; writing
67 verbose correctMkdir /Users/aliu/.npm correctMkdir not in flight; initializing
68 verbose afterAdd /Users/aliu/.npm/sauce-connect/0.1.1/package/package.json written
69 silly loadAllDepsIntoIdealTree Finishing
70 silly idealTree:prePrune todo2@1.0.0
70 silly idealTree:prePrune ├── abbrev@1.0.7
70 silly idealTree:prePrune ├── acorn@1.2.2
70 silly idealTree:prePrune ├── adm-zip@0.4.7
70 silly idealTree:prePrune ├── align-text@0.1.4
70 silly idealTree:prePrune ├── amdefine@1.0.0
70 silly idealTree:prePrune ├── angular@1.5.3
70 silly idealTree:prePrune ├── ansi-regex@2.0.0
70 silly idealTree:prePrune ├── ansi-styles@2.2.1
70 silly idealTree:prePrune ├── archy@1.0.0
70 silly idealTree:prePrune ├── argparse@1.0.7
70 silly idealTree:prePrune ├── array-differ@1.0.0
70 silly idealTree:prePrune ├── array-filter@0.0.1
70 silly idealTree:prePrune ├── array-find-index@1.0.1
70 silly idealTree:prePrune ├── array-map@0.0.0
70 silly idealTree:prePrune ├── array-reduce@0.0.0
70 silly idealTree:prePrune ├── array-uniq@1.0.2
70 silly idealTree:prePrune ├── asn1.js@4.5.2
70 silly idealTree:prePrune ├── assert@1.3.0
70 silly idealTree:prePrune ├── assertion-error@1.0.1
70 silly idealTree:prePrune ├── astw@2.0.0
70 silly idealTree:prePrune ├── async@1.5.2
70 silly idealTree:prePrune ├── balanced-match@0.3.0
70 silly idealTree:prePrune ├── base64-js@1.1.2
70 silly idealTree:prePrune ├── beeper@1.1.0
70 silly idealTree:prePrune ├── block-stream@0.0.8
70 silly idealTree:prePrune ├── bluebird@2.10.2
70 silly idealTree:prePrune ├── bn.js@4.11.1
70 silly idealTree:prePrune ├─┬ body-parser@1.15.0
70 silly idealTree:prePrune │ ├── bytes@2.2.0
70 silly idealTree:prePrune │ ├── content-type@1.0.1
70 silly idealTree:prePrune │ ├── depd@1.1.0
70 silly idealTree:prePrune │ ├─┬ http-errors@1.4.0
70 silly idealTree:prePrune │ │ └── statuses@1.2.1
70 silly idealTree:prePrune │ ├── iconv-lite@0.4.13
70 silly idealTree:prePrune │ ├─┬ on-finished@2.3.0
70 silly idealTree:prePrune │ │ └── ee-first@1.1.1
70 silly idealTree:prePrune │ ├── qs@6.1.0
70 silly idealTree:prePrune │ ├─┬ raw-body@2.1.6
70 silly idealTree:prePrune │ │ ├── bytes@2.3.0
70 silly idealTree:prePrune │ │ └── unpipe@1.0.0
70 silly idealTree:prePrune │ └─┬ type-is@1.6.12
70 silly idealTree:prePrune │   ├── media-typer@0.3.0
70 silly idealTree:prePrune │   └─┬ mime-types@2.1.10
70 silly idealTree:prePrune │     └── mime-db@1.22.0
70 silly idealTree:prePrune ├── bootstrap@3.3.6
70 silly idealTree:prePrune ├── brace-expansion@1.1.3
70 silly idealTree:prePrune ├── brorand@1.0.5
70 silly idealTree:prePrune ├── browser-pack@6.0.1
70 silly idealTree:prePrune ├── browser-resolve@1.11.1
70 silly idealTree:prePrune ├── browserify-aes@1.0.6
70 silly idealTree:prePrune ├── browserify-cipher@1.0.0
70 silly idealTree:prePrune ├── browserify-des@1.0.0
70 silly idealTree:prePrune ├── browserify-rsa@4.0.1
70 silly idealTree:prePrune ├── browserify-sign@4.0.0
70 silly idealTree:prePrune ├── browserify-zlib@0.1.4
70 silly idealTree:prePrune ├─┬ browserify@13.0.0
70 silly idealTree:prePrune │ ├── duplexer2@0.1.4
70 silly idealTree:prePrune │ └─┬ readable-stream@2.0.6
70 silly idealTree:prePrune │   └── isarray@1.0.0
70 silly idealTree:prePrune ├── bson@0.4.21
70 silly idealTree:prePrune ├── buffer-xor@1.0.3
70 silly idealTree:prePrune ├─┬ buffer@4.5.1
70 silly idealTree:prePrune │ └── isarray@1.0.0
70 silly idealTree:prePrune ├── builtin-modules@1.1.1
70 silly idealTree:prePrune ├── builtin-status-codes@2.0.0
70 silly idealTree:prePrune ├── camelcase-keys@2.1.0
70 silly idealTree:prePrune ├── camelcase@2.1.1
70 silly idealTree:prePrune ├── center-align@0.1.3
70 silly idealTree:prePrune ├── chai@3.5.0
70 silly idealTree:prePrune ├── chalk@1.1.3
70 silly idealTree:prePrune ├── charm@0.2.0
70 silly idealTree:prePrune ├── cipher-base@1.0.2
70 silly idealTree:prePrune ├─┬ cliui@2.1.0
70 silly idealTree:prePrune │ └── wordwrap@0.0.2
70 silly idealTree:prePrune ├── clone-stats@0.0.1
70 silly idealTree:prePrune ├── clone@1.0.2
70 silly idealTree:prePrune ├── combine-source-map@0.7.1
70 silly idealTree:prePrune ├── concat-map@0.0.1
70 silly idealTree:prePrune ├─┬ concat-stream@1.5.1
70 silly idealTree:prePrune │ ├── isarray@1.0.0
70 silly idealTree:prePrune │ └── readable-stream@2.0.6
70 silly idealTree:prePrune ├── console-browserify@1.1.0
70 silly idealTree:prePrune ├── constants-browserify@1.0.0
70 silly idealTree:prePrune ├── convert-source-map@1.1.3
70 silly idealTree:prePrune ├── core-util-is@1.0.2
70 silly idealTree:prePrune ├── create-ecdh@4.0.0
70 silly idealTree:prePrune ├── create-hash@1.1.2
70 silly idealTree:prePrune ├── create-hmac@1.1.4
70 silly idealTree:prePrune ├── crypto-browserify@3.11.0
70 silly idealTree:prePrune ├── date-now@0.1.4
70 silly idealTree:prePrune ├── dateformat@1.0.12
70 silly idealTree:prePrune ├── debug@2.2.0
70 silly idealTree:prePrune ├── decamelize@1.2.0
70 silly idealTree:prePrune ├─┬ decompress@0.2.3
70 silly idealTree:prePrune │ ├── get-stdin@0.1.0
70 silly idealTree:prePrune │ └── mkdirp@0.3.5
70 silly idealTree:prePrune ├─┬ deep-eql@0.1.3
70 silly idealTree:prePrune │ └── type-detect@0.1.1
70 silly idealTree:prePrune ├── deep-is@0.1.3
70 silly idealTree:prePrune ├── defaults@1.0.3
70 silly idealTree:prePrune ├── defined@1.0.0
70 silly idealTree:prePrune ├── deprecated@0.0.1
70 silly idealTree:prePrune ├── deps-sort@2.0.0
70 silly idealTree:prePrune ├── des.js@1.0.0
70 silly idealTree:prePrune ├── detective@4.3.1
70 silly idealTree:prePrune ├── diff@1.1.0
70 silly idealTree:prePrune ├── diffie-hellman@5.0.2
70 silly idealTree:prePrune ├── digdug@1.4.0
70 silly idealTree:prePrune ├── dojo@2.0.0-alpha.7
70 silly idealTree:prePrune ├── domain-browser@1.1.7
70 silly idealTree:prePrune ├── duplexer@0.1.1
70 silly idealTree:prePrune ├── duplexer2@0.0.2
70 silly idealTree:prePrune ├── elliptic@6.2.3
70 silly idealTree:prePrune ├── end-of-stream@0.1.5
70 silly idealTree:prePrune ├── error-ex@1.3.0
70 silly idealTree:prePrune ├── es6-promise@3.0.2
70 silly idealTree:prePrune ├── escape-string-regexp@1.0.5
70 silly idealTree:prePrune ├─┬ escodegen@1.7.1
70 silly idealTree:prePrune │ ├── esprima@1.2.5
70 silly idealTree:prePrune │ └── source-map@0.2.0
70 silly idealTree:prePrune ├── esprima@2.7.2
70 silly idealTree:prePrune ├── estraverse@1.9.3
70 silly idealTree:prePrune ├── esutils@2.0.2
70 silly idealTree:prePrune ├── events@1.1.0
70 silly idealTree:prePrune ├── evp_bytestokey@1.0.0
70 silly idealTree:prePrune ├─┬ express@4.13.4
70 silly idealTree:prePrune │ ├─┬ accepts@1.2.13
70 silly idealTree:prePrune │ │ ├─┬ mime-types@2.1.10
70 silly idealTree:prePrune │ │ │ └── mime-db@1.22.0
70 silly idealTree:prePrune │ │ └── negotiator@0.5.3
70 silly idealTree:prePrune │ ├── array-flatten@1.1.1
70 silly idealTree:prePrune │ ├── content-disposition@0.5.1
70 silly idealTree:prePrune │ ├── content-type@1.0.1
70 silly idealTree:prePrune │ ├── cookie-signature@1.0.6
70 silly idealTree:prePrune │ ├── cookie@0.1.5
70 silly idealTree:prePrune │ ├─┬ debug@2.2.0
70 silly idealTree:prePrune │ │ └── ms@0.7.1
70 silly idealTree:prePrune │ ├── depd@1.1.0
70 silly idealTree:prePrune │ ├── escape-html@1.0.3
70 silly idealTree:prePrune │ ├── etag@1.7.0
70 silly idealTree:prePrune │ ├─┬ finalhandler@0.4.1
70 silly idealTree:prePrune │ │ └── unpipe@1.0.0
70 silly idealTree:prePrune │ ├── fresh@0.3.0
70 silly idealTree:prePrune │ ├── merge-descriptors@1.0.1
70 silly idealTree:prePrune │ ├── methods@1.1.2
70 silly idealTree:prePrune │ ├─┬ on-finished@2.3.0
70 silly idealTree:prePrune │ │ └── ee-first@1.1.1
70 silly idealTree:prePrune │ ├── parseurl@1.3.1
70 silly idealTree:prePrune │ ├── path-to-regexp@0.1.7
70 silly idealTree:prePrune │ ├─┬ proxy-addr@1.0.10
70 silly idealTree:prePrune │ │ ├── forwarded@0.1.0
70 silly idealTree:prePrune │ │ └── ipaddr.js@1.0.5
70 silly idealTree:prePrune │ ├── qs@4.0.0
70 silly idealTree:prePrune │ ├── range-parser@1.0.3
70 silly idealTree:prePrune │ ├─┬ send@0.13.1
70 silly idealTree:prePrune │ │ ├── destroy@1.0.4
70 silly idealTree:prePrune │ │ ├─┬ http-errors@1.3.1
70 silly idealTree:prePrune │ │ │ └── inherits@2.0.1
70 silly idealTree:prePrune │ │ ├── mime@1.3.4
70 silly idealTree:prePrune │ │ ├── ms@0.7.1
70 silly idealTree:prePrune │ │ └── statuses@1.2.1
70 silly idealTree:prePrune │ ├── serve-static@1.10.2
70 silly idealTree:prePrune │ ├─┬ type-is@1.6.12
70 silly idealTree:prePrune │ │ ├── media-typer@0.3.0
70 silly idealTree:prePrune │ │ └─┬ mime-types@2.1.10
70 silly idealTree:prePrune │ │   └── mime-db@1.22.0
70 silly idealTree:prePrune │ ├── utils-merge@1.0.0
70 silly idealTree:prePrune │ └── vary@1.0.1
70 silly idealTree:prePrune ├── ext-list@0.2.0
70 silly idealTree:prePrune ├── extend@2.0.1
70 silly idealTree:prePrune ├── extname@0.1.5
70 silly idealTree:prePrune ├── fancy-log@1.2.0
70 silly idealTree:prePrune ├── fast-levenshtein@1.0.7
70 silly idealTree:prePrune ├─┬ fileset@0.2.1
70 silly idealTree:prePrune │ └── minimatch@2.0.10
70 silly idealTree:prePrune ├── find-index@0.1.1
70 silly idealTree:prePrune ├── find-up@1.1.2
70 silly idealTree:prePrune ├── findup-sync@0.3.0
70 silly idealTree:prePrune ├── first-chunk-stream@1.0.0
70 silly idealTree:prePrune ├── flagged-respawn@0.3.2
70 silly idealTree:prePrune ├─┬ fstream@0.1.31
70 silly idealTree:prePrune │ └── graceful-fs@3.0.8
70 silly idealTree:prePrune ├── function-bind@1.1.0
70 silly idealTree:prePrune ├── gaze@0.5.2
70 silly idealTree:prePrune ├── get-stdin@4.0.1
70 silly idealTree:prePrune ├─┬ glob-stream@3.1.18
70 silly idealTree:prePrune │ ├── glob@4.5.3
70 silly idealTree:prePrune │ ├── minimatch@2.0.10
70 silly idealTree:prePrune │ ├── readable-stream@1.0.33
70 silly idealTree:prePrune │ └── through2@0.6.5
70 silly idealTree:prePrune ├── glob-watcher@0.0.6
70 silly idealTree:prePrune ├── glob@5.0.15
70 silly idealTree:prePrune ├── glob2base@0.0.12
70 silly idealTree:prePrune ├─┬ globule@0.1.0
70 silly idealTree:prePrune │ ├── glob@3.1.21
70 silly idealTree:prePrune │ ├── graceful-fs@1.2.3
70 silly idealTree:prePrune │ ├── inherits@1.0.2
70 silly idealTree:prePrune │ └── minimatch@0.2.14
70 silly idealTree:prePrune ├── glogg@1.0.0
70 silly idealTree:prePrune ├─┬ got@0.2.0
70 silly idealTree:prePrune │ └── object-assign@0.3.1
70 silly idealTree:prePrune ├── graceful-fs@4.1.3
70 silly idealTree:prePrune ├── gulp-util@3.0.7
70 silly idealTree:prePrune ├── gulp@3.9.1
70 silly idealTree:prePrune ├── gulplog@1.0.0
70 silly idealTree:prePrune ├─┬ handlebars@4.0.5
70 silly idealTree:prePrune │ └── source-map@0.4.4
70 silly idealTree:prePrune ├── has-ansi@2.0.0
70 silly idealTree:prePrune ├── has-flag@1.0.0
70 silly idealTree:prePrune ├── has-gulplog@0.1.0
70 silly idealTree:prePrune ├── has@1.0.1
70 silly idealTree:prePrune ├── hash.js@1.0.3
70 silly idealTree:prePrune ├── hooks-fixed@1.1.0
70 silly idealTree:prePrune ├── hosted-git-info@2.1.4
70 silly idealTree:prePrune ├── htmlescape@1.1.1
70 silly idealTree:prePrune ├── https-browserify@0.0.1
70 silly idealTree:prePrune ├── ieee754@1.1.6
70 silly idealTree:prePrune ├── indent-string@2.1.0
70 silly idealTree:prePrune ├── indexof@0.0.1
70 silly idealTree:prePrune ├── inflight@1.0.4
70 silly idealTree:prePrune ├── inherits@2.0.1
70 silly idealTree:prePrune ├── inline-source-map@0.6.1
70 silly idealTree:prePrune ├── insert-module-globals@7.0.1
70 silly idealTree:prePrune ├─┬ intern@3.1.1
70 silly idealTree:prePrune │ ├── glob@7.0.3
70 silly idealTree:prePrune │ └── source-map@0.1.33
70 silly idealTree:prePrune ├── interpret@1.0.0
70 silly idealTree:prePrune ├── is-absolute@0.1.7
70 silly idealTree:prePrune ├── is-arrayish@0.2.1
70 silly idealTree:prePrune ├── is-buffer@1.1.3
70 silly idealTree:prePrune ├── is-builtin-module@1.0.0
70 silly idealTree:prePrune ├── is-finite@1.0.1
70 silly idealTree:prePrune ├── is-relative@0.1.3
70 silly idealTree:prePrune ├── is-utf8@0.2.1
70 silly idealTree:prePrune ├── isarray@0.0.1
70 silly idealTree:prePrune ├── isexe@1.1.2
70 silly idealTree:prePrune ├─┬ istanbul@0.4.1
70 silly idealTree:prePrune │ ├── nopt@3.0.6
70 silly idealTree:prePrune │ └── supports-color@3.1.2
70 silly idealTree:prePrune ├── js-yaml@3.5.5
70 silly idealTree:prePrune ├── json-stable-stringify@0.0.1
70 silly idealTree:prePrune ├── jsonify@0.0.0
70 silly idealTree:prePrune ├── jsonparse@1.2.0
70 silly idealTree:prePrune ├── JSONStream@1.1.1
70 silly idealTree:prePrune ├── jszip@2.5.0
70 silly idealTree:prePrune ├── kareem@1.0.1
70 silly idealTree:prePrune ├── kind-of@3.0.2
70 silly idealTree:prePrune ├── labeled-stream-splicer@2.0.0
70 silly idealTree:prePrune ├── lazy-cache@1.0.3
70 silly idealTree:prePrune ├── leadfoot@1.6.6
70 silly idealTree:prePrune ├── levn@0.2.5
70 silly idealTree:prePrune ├── lexical-scope@1.2.0
70 silly idealTree:prePrune ├── liftoff@2.2.1
70 silly idealTree:prePrune ├── load-json-file@1.1.0
70 silly idealTree:prePrune ├── lodash._basecopy@3.0.1
70 silly idealTree:prePrune ├── lodash._basetostring@3.0.1
70 silly idealTree:prePrune ├── lodash._basevalues@3.0.0
70 silly idealTree:prePrune ├── lodash._getnative@3.9.1
70 silly idealTree:prePrune ├── lodash._isiterateecall@3.0.9
70 silly idealTree:prePrune ├── lodash._reescape@3.0.0
70 silly idealTree:prePrune ├── lodash._reevaluate@3.0.0
70 silly idealTree:prePrune ├── lodash._reinterpolate@3.0.0
70 silly idealTree:prePrune ├── lodash._root@3.0.1
70 silly idealTree:prePrune ├── lodash.escape@3.2.0
70 silly idealTree:prePrune ├── lodash.isarguments@3.0.8
70 silly idealTree:prePrune ├── lodash.isarray@3.0.4
70 silly idealTree:prePrune ├── lodash.keys@3.1.2
70 silly idealTree:prePrune ├── lodash.memoize@3.0.4
70 silly idealTree:prePrune ├── lodash.restparam@3.6.1
70 silly idealTree:prePrune ├── lodash.template@3.6.2
70 silly idealTree:prePrune ├── lodash.templatesettings@3.1.1
70 silly idealTree:prePrune ├── lodash@1.0.2
70 silly idealTree:prePrune ├── longest@1.0.1
70 silly idealTree:prePrune ├── loud-rejection@1.3.0
70 silly idealTree:prePrune ├── lru-cache@2.7.3
70 silly idealTree:prePrune ├─┬ map-key@0.1.5
70 silly idealTree:prePrune │ └── lodash@2.4.2
70 silly idealTree:prePrune ├── map-obj@1.0.1
70 silly idealTree:prePrune ├─┬ meow@3.7.0
70 silly idealTree:prePrune │ └── object-assign@4.0.1
70 silly idealTree:prePrune ├── miller-rabin@4.0.0
70 silly idealTree:prePrune ├── mimetype@0.0.8
70 silly idealTree:prePrune ├── minimalistic-assert@1.0.0
70 silly idealTree:prePrune ├── minimatch@3.0.0
70 silly idealTree:prePrune ├── minimist@1.2.0
70 silly idealTree:prePrune ├─┬ mkdirp@0.5.1
70 silly idealTree:prePrune │ └── minimist@0.0.8
70 silly idealTree:prePrune ├─┬ module-deps@4.0.5
70 silly idealTree:prePrune │ ├── duplexer2@0.1.4
70 silly idealTree:prePrune │ ├── isarray@1.0.0
70 silly idealTree:prePrune │ └── readable-stream@2.0.6
70 silly idealTree:prePrune ├── mongodb-core@1.3.9
70 silly idealTree:prePrune ├─┬ mongodb@2.1.10
70 silly idealTree:prePrune │ └── readable-stream@1.0.31
70 silly idealTree:prePrune ├── mongoose@4.4.10
70 silly idealTree:prePrune ├── mpath@0.2.1
70 silly idealTree:prePrune ├── mpromise@0.5.5
70 silly idealTree:prePrune ├─┬ mquery@1.10.0
70 silly idealTree:prePrune │ └── sliced@0.0.5
70 silly idealTree:prePrune ├── ms@0.7.1
70 silly idealTree:prePrune ├── multipipe@0.1.2
70 silly idealTree:prePrune ├── muri@1.1.0
70 silly idealTree:prePrune ├── ng-focus-if@1.0.5
70 silly idealTree:prePrune ├── nopt@2.2.1
70 silly idealTree:prePrune ├── normalize-package-data@2.3.5
70 silly idealTree:prePrune ├── number-is-nan@1.0.0
70 silly idealTree:prePrune ├── object-assign@3.0.0
70 silly idealTree:prePrune ├── once@1.3.3
70 silly idealTree:prePrune ├─┬ optimist@0.6.1
70 silly idealTree:prePrune │ ├── minimist@0.0.10
70 silly idealTree:prePrune │ └── wordwrap@0.0.3
70 silly idealTree:prePrune ├─┬ optionator@0.5.0
70 silly idealTree:prePrune │ └── wordwrap@0.0.3
70 silly idealTree:prePrune ├── orchestrator@0.3.7
70 silly idealTree:prePrune ├── ordered-read-streams@0.1.0
70 silly idealTree:prePrune ├── os-browserify@0.1.2
70 silly idealTree:prePrune ├── os-homedir@1.0.1
70 silly idealTree:prePrune ├── pako@0.2.8
70 silly idealTree:prePrune ├── parents@1.0.1
70 silly idealTree:prePrune ├── parse-asn1@5.0.0
70 silly idealTree:prePrune ├── parse-json@2.2.0
70 silly idealTree:prePrune ├── path-browserify@0.0.0
70 silly idealTree:prePrune ├── path-exists@2.1.0
70 silly idealTree:prePrune ├── path-is-absolute@1.0.0
70 silly idealTree:prePrune ├── path-platform@0.11.15
70 silly idealTree:prePrune ├── path-type@1.1.0
70 silly idealTree:prePrune ├── pbkdf2@3.0.4
70 silly idealTree:prePrune ├── pify@2.3.0
70 silly idealTree:prePrune ├── pinkie-promise@2.0.0
70 silly idealTree:prePrune ├── pinkie@2.0.4
70 silly idealTree:prePrune ├── prelude-ls@1.1.2
70 silly idealTree:prePrune ├── pretty-hrtime@1.0.2
70 silly idealTree:prePrune ├── process-nextick-args@1.0.6
70 silly idealTree:prePrune ├── process@0.11.2
70 silly idealTree:prePrune ├── public-encrypt@4.0.0
70 silly idealTree:prePrune ├── punycode@1.4.1
70 silly idealTree:prePrune ├── querystring-es3@0.2.1
70 silly idealTree:prePrune ├── querystring@0.2.0
70 silly idealTree:prePrune ├── randombytes@2.0.3
70 silly idealTree:prePrune ├─┬ read-only-stream@2.0.0
70 silly idealTree:prePrune │ ├── isarray@1.0.0
70 silly idealTree:prePrune │ └── readable-stream@2.0.6
70 silly idealTree:prePrune ├── read-pkg-up@1.0.1
70 silly idealTree:prePrune ├── read-pkg@1.1.0
70 silly idealTree:prePrune ├── readable-stream@1.1.13
70 silly idealTree:prePrune ├── rechoir@0.6.2
70 silly idealTree:prePrune ├── redent@1.0.0
70 silly idealTree:prePrune ├── regexp-clone@0.0.1
70 silly idealTree:prePrune ├── repeat-string@1.5.4
70 silly idealTree:prePrune ├── repeating@2.0.0
70 silly idealTree:prePrune ├── replace-ext@0.0.1
70 silly idealTree:prePrune ├─┬ require_optional@1.0.0
70 silly idealTree:prePrune │ └── semver@5.1.0
70 silly idealTree:prePrune ├── resolve-from@2.0.0
70 silly idealTree:prePrune ├── resolve@1.1.7
70 silly idealTree:prePrune ├── right-align@0.1.3
70 silly idealTree:prePrune ├─┬ rimraf@2.5.2
70 silly idealTree:prePrune │ └── glob@7.0.3
70 silly idealTree:prePrune ├── ripemd160@1.0.1
70 silly idealTree:prePrune ├── sauce-connect@0.1.1
70 silly idealTree:prePrune ├── semver@4.3.6
70 silly idealTree:prePrune ├── sequencify@0.0.7
70 silly idealTree:prePrune ├── sha.js@2.4.5
70 silly idealTree:prePrune ├── shasum@1.0.2
70 silly idealTree:prePrune ├── shell-quote@1.5.0
70 silly idealTree:prePrune ├── sigmund@1.0.1
70 silly idealTree:prePrune ├── signal-exit@2.1.2
70 silly idealTree:prePrune ├── sliced@1.0.1
70 silly idealTree:prePrune ├── source-map@0.4.2
70 silly idealTree:prePrune ├── sparkles@1.0.0
70 silly idealTree:prePrune ├── spdx-correct@1.0.2
70 silly idealTree:prePrune ├── spdx-exceptions@1.0.4
70 silly idealTree:prePrune ├── spdx-expression-parse@1.0.2
70 silly idealTree:prePrune ├── spdx-license-ids@1.2.0
70 silly idealTree:prePrune ├── sprintf-js@1.0.3
70 silly idealTree:prePrune ├─┬ stream-browserify@2.0.1
70 silly idealTree:prePrune │ ├── isarray@1.0.0
70 silly idealTree:prePrune │ └── readable-stream@2.0.6
70 silly idealTree:prePrune ├── stream-combiner@0.0.4
70 silly idealTree:prePrune ├─┬ stream-combiner2@1.1.1
70 silly idealTree:prePrune │ ├── duplexer2@0.1.4
70 silly idealTree:prePrune │ ├── isarray@1.0.0
70 silly idealTree:prePrune │ └── readable-stream@2.0.6
70 silly idealTree:prePrune ├── stream-consume@0.1.0
70 silly idealTree:prePrune ├── stream-http@2.2.1
70 silly idealTree:prePrune ├─┬ stream-splicer@2.0.0
70 silly idealTree:prePrune │ ├── isarray@1.0.0
70 silly idealTree:prePrune │ └── readable-stream@2.0.6
70 silly idealTree:prePrune ├── string_decoder@0.10.31
70 silly idealTree:prePrune ├── strip-ansi@3.0.1
70 silly idealTree:prePrune ├── strip-bom@2.0.0
70 silly idealTree:prePrune ├── strip-indent@1.0.1
70 silly idealTree:prePrune ├── subarg@1.0.0
70 silly idealTree:prePrune ├── supports-color@2.0.0
70 silly idealTree:prePrune ├─┬ syntax-error@1.1.5
70 silly idealTree:prePrune │ └── acorn@2.7.0
70 silly idealTree:prePrune ├── tar@0.1.20
70 silly idealTree:prePrune ├── tempfile@0.1.3
70 silly idealTree:prePrune ├── through@2.3.8
70 silly idealTree:prePrune ├─┬ through2@2.0.1
70 silly idealTree:prePrune │ ├── isarray@1.0.0
70 silly idealTree:prePrune │ └── readable-stream@2.0.6
70 silly idealTree:prePrune ├── tildify@1.1.2
70 silly idealTree:prePrune ├── time-stamp@1.0.0
70 silly idealTree:prePrune ├── timers-browserify@1.4.2
70 silly idealTree:prePrune ├── to-arraybuffer@1.0.1
70 silly idealTree:prePrune ├── trim-newlines@1.0.0
70 silly idealTree:prePrune ├── tty-browserify@0.0.0
70 silly idealTree:prePrune ├── type-check@0.3.2
70 silly idealTree:prePrune ├── type-detect@1.0.0
70 silly idealTree:prePrune ├── typedarray@0.0.6
70 silly idealTree:prePrune ├─┬ uglify-js@2.6.2
70 silly idealTree:prePrune │ ├── async@0.2.10
70 silly idealTree:prePrune │ └── source-map@0.5.3
70 silly idealTree:prePrune ├── uglify-to-browserify@1.0.2
70 silly idealTree:prePrune ├── umd@3.0.1
70 silly idealTree:prePrune ├── underscore.string@2.3.3
70 silly idealTree:prePrune ├── unique-stream@1.0.0
70 silly idealTree:prePrune ├─┬ url@0.11.0
70 silly idealTree:prePrune │ └── punycode@1.3.2
70 silly idealTree:prePrune ├── user-home@1.1.1
70 silly idealTree:prePrune ├── util-deprecate@1.0.2
70 silly idealTree:prePrune ├── util@0.10.3
70 silly idealTree:prePrune ├── uuid@1.4.2
70 silly idealTree:prePrune ├── v8flags@2.0.11
70 silly idealTree:prePrune ├── validate-npm-package-license@3.0.1
70 silly idealTree:prePrune ├─┬ vinyl-fs@0.3.14
70 silly idealTree:prePrune │ ├── clone@0.2.0
70 silly idealTree:prePrune │ ├── graceful-fs@3.0.8
70 silly idealTree:prePrune │ ├── readable-stream@1.0.33
70 silly idealTree:prePrune │ ├── strip-bom@1.0.0
70 silly idealTree:prePrune │ ├── through2@0.6.5
70 silly idealTree:prePrune │ └── vinyl@0.4.6
70 silly idealTree:prePrune ├─┬ vinyl-source-stream@1.1.0
70 silly idealTree:prePrune │ ├── clone@0.2.0
70 silly idealTree:prePrune │ ├── readable-stream@1.0.33
70 silly idealTree:prePrune │ ├── through2@0.6.5
70 silly idealTree:prePrune │ └── vinyl@0.4.6
70 silly idealTree:prePrune ├── vinyl@0.5.3
70 silly idealTree:prePrune ├── vm-browserify@0.0.4
70 silly idealTree:prePrune ├── which@1.2.4
70 silly idealTree:prePrune ├── window-size@0.1.0
70 silly idealTree:prePrune ├── wordwrap@1.0.0
70 silly idealTree:prePrune ├── wrappy@1.0.1
70 silly idealTree:prePrune ├── xtend@4.0.1
70 silly idealTree:prePrune └─┬ yargs@3.10.0
70 silly idealTree:prePrune   └── camelcase@1.2.1
71 silly loadIdealTree Finishing
72 silly currentTree todo2@1.0.0
72 silly currentTree ├── abbrev@1.0.7
72 silly currentTree ├── acorn@1.2.2
72 silly currentTree ├── adm-zip@0.4.7
72 silly currentTree ├── align-text@0.1.4
72 silly currentTree ├── amdefine@1.0.0
72 silly currentTree ├── angular@1.5.3
72 silly currentTree ├── ansi-regex@2.0.0
72 silly currentTree ├── ansi-styles@2.2.1
72 silly currentTree ├── archy@1.0.0
72 silly currentTree ├── argparse@1.0.7
72 silly currentTree ├── array-differ@1.0.0
72 silly currentTree ├── array-filter@0.0.1
72 silly currentTree ├── array-find-index@1.0.1
72 silly currentTree ├── array-map@0.0.0
72 silly currentTree ├── array-reduce@0.0.0
72 silly currentTree ├── array-uniq@1.0.2
72 silly currentTree ├── asn1.js@4.5.2
72 silly currentTree ├── assert@1.3.0
72 silly currentTree ├── assertion-error@1.0.1
72 silly currentTree ├── astw@2.0.0
72 silly currentTree ├── async@1.5.2
72 silly currentTree ├── balanced-match@0.3.0
72 silly currentTree ├── base64-js@1.1.2
72 silly currentTree ├── beeper@1.1.0
72 silly currentTree ├── block-stream@0.0.8
72 silly currentTree ├── bluebird@2.10.2
72 silly currentTree ├── bn.js@4.11.1
72 silly currentTree ├─┬ body-parser@1.15.0
72 silly currentTree │ ├── bytes@2.2.0
72 silly currentTree │ ├── content-type@1.0.1
72 silly currentTree │ ├── depd@1.1.0
72 silly currentTree │ ├─┬ http-errors@1.4.0
72 silly currentTree │ │ └── statuses@1.2.1
72 silly currentTree │ ├── iconv-lite@0.4.13
72 silly currentTree │ ├─┬ on-finished@2.3.0
72 silly currentTree │ │ └── ee-first@1.1.1
72 silly currentTree │ ├── qs@6.1.0
72 silly currentTree │ ├─┬ raw-body@2.1.6
72 silly currentTree │ │ ├── bytes@2.3.0
72 silly currentTree │ │ └── unpipe@1.0.0
72 silly currentTree │ └─┬ type-is@1.6.12
72 silly currentTree │   ├── media-typer@0.3.0
72 silly currentTree │   └─┬ mime-types@2.1.10
72 silly currentTree │     └── mime-db@1.22.0
72 silly currentTree ├── bootstrap@3.3.6
72 silly currentTree ├── brace-expansion@1.1.3
72 silly currentTree ├── brorand@1.0.5
72 silly currentTree ├── browser-pack@6.0.1
72 silly currentTree ├── browser-resolve@1.11.1
72 silly currentTree ├── browserify-aes@1.0.6
72 silly currentTree ├── browserify-cipher@1.0.0
72 silly currentTree ├── browserify-des@1.0.0
72 silly currentTree ├── browserify-rsa@4.0.1
72 silly currentTree ├── browserify-sign@4.0.0
72 silly currentTree ├── browserify-zlib@0.1.4
72 silly currentTree ├─┬ browserify@13.0.0
72 silly currentTree │ ├── duplexer2@0.1.4
72 silly currentTree │ └─┬ readable-stream@2.0.6
72 silly currentTree │   └── isarray@1.0.0
72 silly currentTree ├── bson@0.4.21
72 silly currentTree ├── buffer-xor@1.0.3
72 silly currentTree ├─┬ buffer@4.5.1
72 silly currentTree │ └── isarray@1.0.0
72 silly currentTree ├── builtin-modules@1.1.1
72 silly currentTree ├── builtin-status-codes@2.0.0
72 silly currentTree ├── camelcase-keys@2.1.0
72 silly currentTree ├── camelcase@2.1.1
72 silly currentTree ├── center-align@0.1.3
72 silly currentTree ├── chai@3.5.0
72 silly currentTree ├── chalk@1.1.3
72 silly currentTree ├── charm@0.2.0
72 silly currentTree ├── cipher-base@1.0.2
72 silly currentTree ├─┬ cliui@2.1.0
72 silly currentTree │ └── wordwrap@0.0.2
72 silly currentTree ├── clone-stats@0.0.1
72 silly currentTree ├── clone@1.0.2
72 silly currentTree ├── combine-source-map@0.7.1
72 silly currentTree ├── concat-map@0.0.1
72 silly currentTree ├─┬ concat-stream@1.5.1
72 silly currentTree │ ├── isarray@1.0.0
72 silly currentTree │ └── readable-stream@2.0.6
72 silly currentTree ├── console-browserify@1.1.0
72 silly currentTree ├── constants-browserify@1.0.0
72 silly currentTree ├── convert-source-map@1.1.3
72 silly currentTree ├── core-util-is@1.0.2
72 silly currentTree ├── create-ecdh@4.0.0
72 silly currentTree ├── create-hash@1.1.2
72 silly currentTree ├── create-hmac@1.1.4
72 silly currentTree ├── crypto-browserify@3.11.0
72 silly currentTree ├── date-now@0.1.4
72 silly currentTree ├── dateformat@1.0.12
72 silly currentTree ├── debug@2.2.0
72 silly currentTree ├── decamelize@1.2.0
72 silly currentTree ├─┬ decompress@0.2.3
72 silly currentTree │ ├── get-stdin@0.1.0
72 silly currentTree │ └── mkdirp@0.3.5
72 silly currentTree ├─┬ deep-eql@0.1.3
72 silly currentTree │ └── type-detect@0.1.1
72 silly currentTree ├── deep-is@0.1.3
72 silly currentTree ├── defaults@1.0.3
72 silly currentTree ├── defined@1.0.0
72 silly currentTree ├── deprecated@0.0.1
72 silly currentTree ├── deps-sort@2.0.0
72 silly currentTree ├── des.js@1.0.0
72 silly currentTree ├── detective@4.3.1
72 silly currentTree ├── diff@1.1.0
72 silly currentTree ├── diffie-hellman@5.0.2
72 silly currentTree ├── digdug@1.4.0
72 silly currentTree ├── dojo@2.0.0-alpha.7
72 silly currentTree ├── domain-browser@1.1.7
72 silly currentTree ├── duplexer@0.1.1
72 silly currentTree ├── duplexer2@0.0.2
72 silly currentTree ├── elliptic@6.2.3
72 silly currentTree ├── end-of-stream@0.1.5
72 silly currentTree ├── error-ex@1.3.0
72 silly currentTree ├── es6-promise@3.0.2
72 silly currentTree ├── escape-string-regexp@1.0.5
72 silly currentTree ├─┬ escodegen@1.7.1
72 silly currentTree │ ├── esprima@1.2.5
72 silly currentTree │ └── source-map@0.2.0
72 silly currentTree ├── esprima@2.7.2
72 silly currentTree ├── estraverse@1.9.3
72 silly currentTree ├── esutils@2.0.2
72 silly currentTree ├── events@1.1.0
72 silly currentTree ├── evp_bytestokey@1.0.0
72 silly currentTree ├─┬ express@4.13.4
72 silly currentTree │ ├─┬ accepts@1.2.13
72 silly currentTree │ │ ├─┬ mime-types@2.1.10
72 silly currentTree │ │ │ └── mime-db@1.22.0
72 silly currentTree │ │ └── negotiator@0.5.3
72 silly currentTree │ ├── array-flatten@1.1.1
72 silly currentTree │ ├── content-disposition@0.5.1
72 silly currentTree │ ├── content-type@1.0.1
72 silly currentTree │ ├── cookie-signature@1.0.6
72 silly currentTree │ ├── cookie@0.1.5
72 silly currentTree │ ├─┬ debug@2.2.0
72 silly currentTree │ │ └── ms@0.7.1
72 silly currentTree │ ├── depd@1.1.0
72 silly currentTree │ ├── escape-html@1.0.3
72 silly currentTree │ ├── etag@1.7.0
72 silly currentTree │ ├─┬ finalhandler@0.4.1
72 silly currentTree │ │ └── unpipe@1.0.0
72 silly currentTree │ ├── fresh@0.3.0
72 silly currentTree │ ├── merge-descriptors@1.0.1
72 silly currentTree │ ├── methods@1.1.2
72 silly currentTree │ ├─┬ on-finished@2.3.0
72 silly currentTree │ │ └── ee-first@1.1.1
72 silly currentTree │ ├── parseurl@1.3.1
72 silly currentTree │ ├── path-to-regexp@0.1.7
72 silly currentTree │ ├─┬ proxy-addr@1.0.10
72 silly currentTree │ │ ├── forwarded@0.1.0
72 silly currentTree │ │ └── ipaddr.js@1.0.5
72 silly currentTree │ ├── qs@4.0.0
72 silly currentTree │ ├── range-parser@1.0.3
72 silly currentTree │ ├─┬ send@0.13.1
72 silly currentTree │ │ ├── destroy@1.0.4
72 silly currentTree │ │ ├─┬ http-errors@1.3.1
72 silly currentTree │ │ │ └── inherits@2.0.1
72 silly currentTree │ │ ├── mime@1.3.4
72 silly currentTree │ │ ├── ms@0.7.1
72 silly currentTree │ │ └── statuses@1.2.1
72 silly currentTree │ ├── serve-static@1.10.2
72 silly currentTree │ ├─┬ type-is@1.6.12
72 silly currentTree │ │ ├── media-typer@0.3.0
72 silly currentTree │ │ └─┬ mime-types@2.1.10
72 silly currentTree │ │   └── mime-db@1.22.0
72 silly currentTree │ ├── utils-merge@1.0.0
72 silly currentTree │ └── vary@1.0.1
72 silly currentTree ├── ext-list@0.2.0
72 silly currentTree ├── extend@2.0.1
72 silly currentTree ├── extname@0.1.5
72 silly currentTree ├── fancy-log@1.2.0
72 silly currentTree ├── fast-levenshtein@1.0.7
72 silly currentTree ├─┬ fileset@0.2.1
72 silly currentTree │ └── minimatch@2.0.10
72 silly currentTree ├── find-index@0.1.1
72 silly currentTree ├── find-up@1.1.2
72 silly currentTree ├── findup-sync@0.3.0
72 silly currentTree ├── first-chunk-stream@1.0.0
72 silly currentTree ├── flagged-respawn@0.3.2
72 silly currentTree ├─┬ fstream@0.1.31
72 silly currentTree │ └── graceful-fs@3.0.8
72 silly currentTree ├── function-bind@1.1.0
72 silly currentTree ├── gaze@0.5.2
72 silly currentTree ├── get-stdin@4.0.1
72 silly currentTree ├─┬ glob-stream@3.1.18
72 silly currentTree │ ├── glob@4.5.3
72 silly currentTree │ ├── minimatch@2.0.10
72 silly currentTree │ ├── readable-stream@1.0.33
72 silly currentTree │ └── through2@0.6.5
72 silly currentTree ├── glob-watcher@0.0.6
72 silly currentTree ├── glob@5.0.15
72 silly currentTree ├── glob2base@0.0.12
72 silly currentTree ├─┬ globule@0.1.0
72 silly currentTree │ ├── glob@3.1.21
72 silly currentTree │ ├── graceful-fs@1.2.3
72 silly currentTree │ ├── inherits@1.0.2
72 silly currentTree │ └── minimatch@0.2.14
72 silly currentTree ├── glogg@1.0.0
72 silly currentTree ├─┬ got@0.2.0
72 silly currentTree │ └── object-assign@0.3.1
72 silly currentTree ├── graceful-fs@4.1.3
72 silly currentTree ├── gulp-util@3.0.7
72 silly currentTree ├── gulp@3.9.1
72 silly currentTree ├── gulplog@1.0.0
72 silly currentTree ├─┬ handlebars@4.0.5
72 silly currentTree │ └── source-map@0.4.4
72 silly currentTree ├── has-ansi@2.0.0
72 silly currentTree ├── has-flag@1.0.0
72 silly currentTree ├── has-gulplog@0.1.0
72 silly currentTree ├── has@1.0.1
72 silly currentTree ├── hash.js@1.0.3
72 silly currentTree ├── hooks-fixed@1.1.0
72 silly currentTree ├── hosted-git-info@2.1.4
72 silly currentTree ├── htmlescape@1.1.1
72 silly currentTree ├── https-browserify@0.0.1
72 silly currentTree ├── ieee754@1.1.6
72 silly currentTree ├── indent-string@2.1.0
72 silly currentTree ├── indexof@0.0.1
72 silly currentTree ├── inflight@1.0.4
72 silly currentTree ├── inherits@2.0.1
72 silly currentTree ├── inline-source-map@0.6.1
72 silly currentTree ├── insert-module-globals@7.0.1
72 silly currentTree ├─┬ intern@3.1.1
72 silly currentTree │ ├── glob@7.0.3
72 silly currentTree │ └── source-map@0.1.33
72 silly currentTree ├── interpret@1.0.0
72 silly currentTree ├── is-absolute@0.1.7
72 silly currentTree ├── is-arrayish@0.2.1
72 silly currentTree ├── is-buffer@1.1.3
72 silly currentTree ├── is-builtin-module@1.0.0
72 silly currentTree ├── is-finite@1.0.1
72 silly currentTree ├── is-relative@0.1.3
72 silly currentTree ├── is-utf8@0.2.1
72 silly currentTree ├── isarray@0.0.1
72 silly currentTree ├── isexe@1.1.2
72 silly currentTree ├─┬ istanbul@0.4.1
72 silly currentTree │ ├── nopt@3.0.6
72 silly currentTree │ └── supports-color@3.1.2
72 silly currentTree ├── js-yaml@3.5.5
72 silly currentTree ├── json-stable-stringify@0.0.1
72 silly currentTree ├── jsonify@0.0.0
72 silly currentTree ├── jsonparse@1.2.0
72 silly currentTree ├── JSONStream@1.1.1
72 silly currentTree ├── jszip@2.5.0
72 silly currentTree ├── kareem@1.0.1
72 silly currentTree ├── kind-of@3.0.2
72 silly currentTree ├── labeled-stream-splicer@2.0.0
72 silly currentTree ├── lazy-cache@1.0.3
72 silly currentTree ├── leadfoot@1.6.6
72 silly currentTree ├── levn@0.2.5
72 silly currentTree ├── lexical-scope@1.2.0
72 silly currentTree ├── liftoff@2.2.1
72 silly currentTree ├── load-json-file@1.1.0
72 silly currentTree ├── lodash._basecopy@3.0.1
72 silly currentTree ├── lodash._basetostring@3.0.1
72 silly currentTree ├── lodash._basevalues@3.0.0
72 silly currentTree ├── lodash._getnative@3.9.1
72 silly currentTree ├── lodash._isiterateecall@3.0.9
72 silly currentTree ├── lodash._reescape@3.0.0
72 silly currentTree ├── lodash._reevaluate@3.0.0
72 silly currentTree ├── lodash._reinterpolate@3.0.0
72 silly currentTree ├── lodash._root@3.0.1
72 silly currentTree ├── lodash.escape@3.2.0
72 silly currentTree ├── lodash.isarguments@3.0.8
72 silly currentTree ├── lodash.isarray@3.0.4
72 silly currentTree ├── lodash.keys@3.1.2
72 silly currentTree ├── lodash.memoize@3.0.4
72 silly currentTree ├── lodash.restparam@3.6.1
72 silly currentTree ├── lodash.template@3.6.2
72 silly currentTree ├── lodash.templatesettings@3.1.1
72 silly currentTree ├── lodash@1.0.2
72 silly currentTree ├── longest@1.0.1
72 silly currentTree ├── loud-rejection@1.3.0
72 silly currentTree ├── lru-cache@2.7.3
72 silly currentTree ├─┬ map-key@0.1.5
72 silly currentTree │ └── lodash@2.4.2
72 silly currentTree ├── map-obj@1.0.1
72 silly currentTree ├─┬ meow@3.7.0
72 silly currentTree │ └── object-assign@4.0.1
72 silly currentTree ├── miller-rabin@4.0.0
72 silly currentTree ├── mimetype@0.0.8
72 silly currentTree ├── minimalistic-assert@1.0.0
72 silly currentTree ├── minimatch@3.0.0
72 silly currentTree ├── minimist@1.2.0
72 silly currentTree ├─┬ mkdirp@0.5.1
72 silly currentTree │ └── minimist@0.0.8
72 silly currentTree ├─┬ module-deps@4.0.5
72 silly currentTree │ ├── duplexer2@0.1.4
72 silly currentTree │ ├── isarray@1.0.0
72 silly currentTree │ └── readable-stream@2.0.6
72 silly currentTree ├── mongodb-core@1.3.9
72 silly currentTree ├─┬ mongodb@2.1.10
72 silly currentTree │ └── readable-stream@1.0.31
72 silly currentTree ├── mongoose@4.4.10
72 silly currentTree ├── mpath@0.2.1
72 silly currentTree ├── mpromise@0.5.5
72 silly currentTree ├─┬ mquery@1.10.0
72 silly currentTree │ └── sliced@0.0.5
72 silly currentTree ├── ms@0.7.1
72 silly currentTree ├── multipipe@0.1.2
72 silly currentTree ├── muri@1.1.0
72 silly currentTree ├── ng-focus-if@1.0.5
72 silly currentTree ├── nopt@2.2.1
72 silly currentTree ├── normalize-package-data@2.3.5
72 silly currentTree ├── number-is-nan@1.0.0
72 silly currentTree ├── object-assign@3.0.0
72 silly currentTree ├── once@1.3.3
72 silly currentTree ├─┬ optimist@0.6.1
72 silly currentTree │ ├── minimist@0.0.10
72 silly currentTree │ └── wordwrap@0.0.3
72 silly currentTree ├─┬ optionator@0.5.0
72 silly currentTree │ └── wordwrap@0.0.3
72 silly currentTree ├── orchestrator@0.3.7
72 silly currentTree ├── ordered-read-streams@0.1.0
72 silly currentTree ├── os-browserify@0.1.2
72 silly currentTree ├── os-homedir@1.0.1
72 silly currentTree ├── pako@0.2.8
72 silly currentTree ├── parents@1.0.1
72 silly currentTree ├── parse-asn1@5.0.0
72 silly currentTree ├── parse-json@2.2.0
72 silly currentTree ├── path-browserify@0.0.0
72 silly currentTree ├── path-exists@2.1.0
72 silly currentTree ├── path-is-absolute@1.0.0
72 silly currentTree ├── path-platform@0.11.15
72 silly currentTree ├── path-type@1.1.0
72 silly currentTree ├── pbkdf2@3.0.4
72 silly currentTree ├── pify@2.3.0
72 silly currentTree ├── pinkie-promise@2.0.0
72 silly currentTree ├── pinkie@2.0.4
72 silly currentTree ├── prelude-ls@1.1.2
72 silly currentTree ├── pretty-hrtime@1.0.2
72 silly currentTree ├── process-nextick-args@1.0.6
72 silly currentTree ├── process@0.11.2
72 silly currentTree ├── public-encrypt@4.0.0
72 silly currentTree ├── punycode@1.4.1
72 silly currentTree ├── querystring-es3@0.2.1
72 silly currentTree ├── querystring@0.2.0
72 silly currentTree ├── randombytes@2.0.3
72 silly currentTree ├─┬ read-only-stream@2.0.0
72 silly currentTree │ ├── isarray@1.0.0
72 silly currentTree │ └── readable-stream@2.0.6
72 silly currentTree ├── read-pkg-up@1.0.1
72 silly currentTree ├── read-pkg@1.1.0
72 silly currentTree ├── readable-stream@1.1.13
72 silly currentTree ├── rechoir@0.6.2
72 silly currentTree ├── redent@1.0.0
72 silly currentTree ├── regexp-clone@0.0.1
72 silly currentTree ├── repeat-string@1.5.4
72 silly currentTree ├── repeating@2.0.0
72 silly currentTree ├── replace-ext@0.0.1
72 silly currentTree ├─┬ require_optional@1.0.0
72 silly currentTree │ └── semver@5.1.0
72 silly currentTree ├── resolve-from@2.0.0
72 silly currentTree ├── resolve@1.1.7
72 silly currentTree ├── right-align@0.1.3
72 silly currentTree ├─┬ rimraf@2.5.2
72 silly currentTree │ └── glob@7.0.3
72 silly currentTree ├── ripemd160@1.0.1
72 silly currentTree ├── semver@4.3.6
72 silly currentTree ├── sequencify@0.0.7
72 silly currentTree ├── sha.js@2.4.5
72 silly currentTree ├── shasum@1.0.2
72 silly currentTree ├── shell-quote@1.5.0
72 silly currentTree ├── sigmund@1.0.1
72 silly currentTree ├── signal-exit@2.1.2
72 silly currentTree ├── sliced@1.0.1
72 silly currentTree ├── source-map@0.4.2
72 silly currentTree ├── sparkles@1.0.0
72 silly currentTree ├── spdx-correct@1.0.2
72 silly currentTree ├── spdx-exceptions@1.0.4
72 silly currentTree ├── spdx-expression-parse@1.0.2
72 silly currentTree ├── spdx-license-ids@1.2.0
72 silly currentTree ├── sprintf-js@1.0.3
72 silly currentTree ├─┬ stream-browserify@2.0.1
72 silly currentTree │ ├── isarray@1.0.0
72 silly currentTree │ └── readable-stream@2.0.6
72 silly currentTree ├── stream-combiner@0.0.4
72 silly currentTree ├─┬ stream-combiner2@1.1.1
72 silly currentTree │ ├── duplexer2@0.1.4
72 silly currentTree │ ├── isarray@1.0.0
72 silly currentTree │ └── readable-stream@2.0.6
72 silly currentTree ├── stream-consume@0.1.0
72 silly currentTree ├── stream-http@2.2.1
72 silly currentTree ├─┬ stream-splicer@2.0.0
72 silly currentTree │ ├── isarray@1.0.0
72 silly currentTree │ └── readable-stream@2.0.6
72 silly currentTree ├── string_decoder@0.10.31
72 silly currentTree ├── strip-ansi@3.0.1
72 silly currentTree ├── strip-bom@2.0.0
72 silly currentTree ├── strip-indent@1.0.1
72 silly currentTree ├── subarg@1.0.0
72 silly currentTree ├── supports-color@2.0.0
72 silly currentTree ├─┬ syntax-error@1.1.5
72 silly currentTree │ └── acorn@2.7.0
72 silly currentTree ├── tar@0.1.20
72 silly currentTree ├── tempfile@0.1.3
72 silly currentTree ├── through@2.3.8
72 silly currentTree ├─┬ through2@2.0.1
72 silly currentTree │ ├── isarray@1.0.0
72 silly currentTree │ └── readable-stream@2.0.6
72 silly currentTree ├── tildify@1.1.2
72 silly currentTree ├── time-stamp@1.0.0
72 silly currentTree ├── timers-browserify@1.4.2
72 silly currentTree ├── to-arraybuffer@1.0.1
72 silly currentTree ├── trim-newlines@1.0.0
72 silly currentTree ├── tty-browserify@0.0.0
72 silly currentTree ├── type-check@0.3.2
72 silly currentTree ├── type-detect@1.0.0
72 silly currentTree ├── typedarray@0.0.6
72 silly currentTree ├─┬ uglify-js@2.6.2
72 silly currentTree │ ├── async@0.2.10
72 silly currentTree │ └── source-map@0.5.3
72 silly currentTree ├── uglify-to-browserify@1.0.2
72 silly currentTree ├── umd@3.0.1
72 silly currentTree ├── underscore.string@2.3.3
72 silly currentTree ├── unique-stream@1.0.0
72 silly currentTree ├─┬ url@0.11.0
72 silly currentTree │ └── punycode@1.3.2
72 silly currentTree ├── user-home@1.1.1
72 silly currentTree ├── util-deprecate@1.0.2
72 silly currentTree ├── util@0.10.3
72 silly currentTree ├── uuid@1.4.2
72 silly currentTree ├── v8flags@2.0.11
72 silly currentTree ├── validate-npm-package-license@3.0.1
72 silly currentTree ├─┬ vinyl-fs@0.3.14
72 silly currentTree │ ├── clone@0.2.0
72 silly currentTree │ ├── graceful-fs@3.0.8
72 silly currentTree │ ├── readable-stream@1.0.33
72 silly currentTree │ ├── strip-bom@1.0.0
72 silly currentTree │ ├── through2@0.6.5
72 silly currentTree │ └── vinyl@0.4.6
72 silly currentTree ├─┬ vinyl-source-stream@1.1.0
72 silly currentTree │ ├── clone@0.2.0
72 silly currentTree │ ├── readable-stream@1.0.33
72 silly currentTree │ ├── through2@0.6.5
72 silly currentTree │ └── vinyl@0.4.6
72 silly currentTree ├── vinyl@0.5.3
72 silly currentTree ├── vm-browserify@0.0.4
72 silly currentTree ├── which@1.2.4
72 silly currentTree ├── window-size@0.1.0
72 silly currentTree ├── wordwrap@1.0.0
72 silly currentTree ├── wrappy@1.0.1
72 silly currentTree ├── xtend@4.0.1
72 silly currentTree └─┬ yargs@3.10.0
72 silly currentTree   └── camelcase@1.2.1
73 silly idealTree todo2@1.0.0
73 silly idealTree ├── abbrev@1.0.7
73 silly idealTree ├── acorn@1.2.2
73 silly idealTree ├── adm-zip@0.4.7
73 silly idealTree ├── align-text@0.1.4
73 silly idealTree ├── amdefine@1.0.0
73 silly idealTree ├── angular@1.5.3
73 silly idealTree ├── ansi-regex@2.0.0
73 silly idealTree ├── ansi-styles@2.2.1
73 silly idealTree ├── archy@1.0.0
73 silly idealTree ├── argparse@1.0.7
73 silly idealTree ├── array-differ@1.0.0
73 silly idealTree ├── array-filter@0.0.1
73 silly idealTree ├── array-find-index@1.0.1
73 silly idealTree ├── array-map@0.0.0
73 silly idealTree ├── array-reduce@0.0.0
73 silly idealTree ├── array-uniq@1.0.2
73 silly idealTree ├── asn1.js@4.5.2
73 silly idealTree ├── assert@1.3.0
73 silly idealTree ├── assertion-error@1.0.1
73 silly idealTree ├── astw@2.0.0
73 silly idealTree ├── async@1.5.2
73 silly idealTree ├── balanced-match@0.3.0
73 silly idealTree ├── base64-js@1.1.2
73 silly idealTree ├── beeper@1.1.0
73 silly idealTree ├── block-stream@0.0.8
73 silly idealTree ├── bluebird@2.10.2
73 silly idealTree ├── bn.js@4.11.1
73 silly idealTree ├─┬ body-parser@1.15.0
73 silly idealTree │ ├── bytes@2.2.0
73 silly idealTree │ ├── content-type@1.0.1
73 silly idealTree │ ├── depd@1.1.0
73 silly idealTree │ ├─┬ http-errors@1.4.0
73 silly idealTree │ │ └── statuses@1.2.1
73 silly idealTree │ ├── iconv-lite@0.4.13
73 silly idealTree │ ├─┬ on-finished@2.3.0
73 silly idealTree │ │ └── ee-first@1.1.1
73 silly idealTree │ ├── qs@6.1.0
73 silly idealTree │ ├─┬ raw-body@2.1.6
73 silly idealTree │ │ ├── bytes@2.3.0
73 silly idealTree │ │ └── unpipe@1.0.0
73 silly idealTree │ └─┬ type-is@1.6.12
73 silly idealTree │   ├── media-typer@0.3.0
73 silly idealTree │   └─┬ mime-types@2.1.10
73 silly idealTree │     └── mime-db@1.22.0
73 silly idealTree ├── bootstrap@3.3.6
73 silly idealTree ├── brace-expansion@1.1.3
73 silly idealTree ├── brorand@1.0.5
73 silly idealTree ├── browser-pack@6.0.1
73 silly idealTree ├── browser-resolve@1.11.1
73 silly idealTree ├── browserify-aes@1.0.6
73 silly idealTree ├── browserify-cipher@1.0.0
73 silly idealTree ├── browserify-des@1.0.0
73 silly idealTree ├── browserify-rsa@4.0.1
73 silly idealTree ├── browserify-sign@4.0.0
73 silly idealTree ├── browserify-zlib@0.1.4
73 silly idealTree ├─┬ browserify@13.0.0
73 silly idealTree │ ├── duplexer2@0.1.4
73 silly idealTree │ └─┬ readable-stream@2.0.6
73 silly idealTree │   └── isarray@1.0.0
73 silly idealTree ├── bson@0.4.21
73 silly idealTree ├── buffer-xor@1.0.3
73 silly idealTree ├─┬ buffer@4.5.1
73 silly idealTree │ └── isarray@1.0.0
73 silly idealTree ├── builtin-modules@1.1.1
73 silly idealTree ├── builtin-status-codes@2.0.0
73 silly idealTree ├── camelcase-keys@2.1.0
73 silly idealTree ├── camelcase@2.1.1
73 silly idealTree ├── center-align@0.1.3
73 silly idealTree ├── chai@3.5.0
73 silly idealTree ├── chalk@1.1.3
73 silly idealTree ├── charm@0.2.0
73 silly idealTree ├── cipher-base@1.0.2
73 silly idealTree ├─┬ cliui@2.1.0
73 silly idealTree │ └── wordwrap@0.0.2
73 silly idealTree ├── clone-stats@0.0.1
73 silly idealTree ├── clone@1.0.2
73 silly idealTree ├── combine-source-map@0.7.1
73 silly idealTree ├── concat-map@0.0.1
73 silly idealTree ├─┬ concat-stream@1.5.1
73 silly idealTree │ ├── isarray@1.0.0
73 silly idealTree │ └── readable-stream@2.0.6
73 silly idealTree ├── console-browserify@1.1.0
73 silly idealTree ├── constants-browserify@1.0.0
73 silly idealTree ├── convert-source-map@1.1.3
73 silly idealTree ├── core-util-is@1.0.2
73 silly idealTree ├── create-ecdh@4.0.0
73 silly idealTree ├── create-hash@1.1.2
73 silly idealTree ├── create-hmac@1.1.4
73 silly idealTree ├── crypto-browserify@3.11.0
73 silly idealTree ├── date-now@0.1.4
73 silly idealTree ├── dateformat@1.0.12
73 silly idealTree ├── debug@2.2.0
73 silly idealTree ├── decamelize@1.2.0
73 silly idealTree ├─┬ decompress@0.2.3
73 silly idealTree │ ├── get-stdin@0.1.0
73 silly idealTree │ └── mkdirp@0.3.5
73 silly idealTree ├─┬ deep-eql@0.1.3
73 silly idealTree │ └── type-detect@0.1.1
73 silly idealTree ├── deep-is@0.1.3
73 silly idealTree ├── defaults@1.0.3
73 silly idealTree ├── defined@1.0.0
73 silly idealTree ├── deprecated@0.0.1
73 silly idealTree ├── deps-sort@2.0.0
73 silly idealTree ├── des.js@1.0.0
73 silly idealTree ├── detective@4.3.1
73 silly idealTree ├── diff@1.1.0
73 silly idealTree ├── diffie-hellman@5.0.2
73 silly idealTree ├── digdug@1.4.0
73 silly idealTree ├── dojo@2.0.0-alpha.7
73 silly idealTree ├── domain-browser@1.1.7
73 silly idealTree ├── duplexer@0.1.1
73 silly idealTree ├── duplexer2@0.0.2
73 silly idealTree ├── elliptic@6.2.3
73 silly idealTree ├── end-of-stream@0.1.5
73 silly idealTree ├── error-ex@1.3.0
73 silly idealTree ├── es6-promise@3.0.2
73 silly idealTree ├── escape-string-regexp@1.0.5
73 silly idealTree ├─┬ escodegen@1.7.1
73 silly idealTree │ ├── esprima@1.2.5
73 silly idealTree │ └── source-map@0.2.0
73 silly idealTree ├── esprima@2.7.2
73 silly idealTree ├── estraverse@1.9.3
73 silly idealTree ├── esutils@2.0.2
73 silly idealTree ├── events@1.1.0
73 silly idealTree ├── evp_bytestokey@1.0.0
73 silly idealTree ├─┬ express@4.13.4
73 silly idealTree │ ├─┬ accepts@1.2.13
73 silly idealTree │ │ ├─┬ mime-types@2.1.10
73 silly idealTree │ │ │ └── mime-db@1.22.0
73 silly idealTree │ │ └── negotiator@0.5.3
73 silly idealTree │ ├── array-flatten@1.1.1
73 silly idealTree │ ├── content-disposition@0.5.1
73 silly idealTree │ ├── content-type@1.0.1
73 silly idealTree │ ├── cookie-signature@1.0.6
73 silly idealTree │ ├── cookie@0.1.5
73 silly idealTree │ ├─┬ debug@2.2.0
73 silly idealTree │ │ └── ms@0.7.1
73 silly idealTree │ ├── depd@1.1.0
73 silly idealTree │ ├── escape-html@1.0.3
73 silly idealTree │ ├── etag@1.7.0
73 silly idealTree │ ├─┬ finalhandler@0.4.1
73 silly idealTree │ │ └── unpipe@1.0.0
73 silly idealTree │ ├── fresh@0.3.0
73 silly idealTree │ ├── merge-descriptors@1.0.1
73 silly idealTree │ ├── methods@1.1.2
73 silly idealTree │ ├─┬ on-finished@2.3.0
73 silly idealTree │ │ └── ee-first@1.1.1
73 silly idealTree │ ├── parseurl@1.3.1
73 silly idealTree │ ├── path-to-regexp@0.1.7
73 silly idealTree │ ├─┬ proxy-addr@1.0.10
73 silly idealTree │ │ ├── forwarded@0.1.0
73 silly idealTree │ │ └── ipaddr.js@1.0.5
73 silly idealTree │ ├── qs@4.0.0
73 silly idealTree │ ├── range-parser@1.0.3
73 silly idealTree │ ├─┬ send@0.13.1
73 silly idealTree │ │ ├── destroy@1.0.4
73 silly idealTree │ │ ├─┬ http-errors@1.3.1
73 silly idealTree │ │ │ └── inherits@2.0.1
73 silly idealTree │ │ ├── mime@1.3.4
73 silly idealTree │ │ ├── ms@0.7.1
73 silly idealTree │ │ └── statuses@1.2.1
73 silly idealTree │ ├── serve-static@1.10.2
73 silly idealTree │ ├─┬ type-is@1.6.12
73 silly idealTree │ │ ├── media-typer@0.3.0
73 silly idealTree │ │ └─┬ mime-types@2.1.10
73 silly idealTree │ │   └── mime-db@1.22.0
73 silly idealTree │ ├── utils-merge@1.0.0
73 silly idealTree │ └── vary@1.0.1
73 silly idealTree ├── ext-list@0.2.0
73 silly idealTree ├── extend@2.0.1
73 silly idealTree ├── extname@0.1.5
73 silly idealTree ├── fancy-log@1.2.0
73 silly idealTree ├── fast-levenshtein@1.0.7
73 silly idealTree ├─┬ fileset@0.2.1
73 silly idealTree │ └── minimatch@2.0.10
73 silly idealTree ├── find-index@0.1.1
73 silly idealTree ├── find-up@1.1.2
73 silly idealTree ├── findup-sync@0.3.0
73 silly idealTree ├── first-chunk-stream@1.0.0
73 silly idealTree ├── flagged-respawn@0.3.2
73 silly idealTree ├─┬ fstream@0.1.31
73 silly idealTree │ └── graceful-fs@3.0.8
73 silly idealTree ├── function-bind@1.1.0
73 silly idealTree ├── gaze@0.5.2
73 silly idealTree ├── get-stdin@4.0.1
73 silly idealTree ├─┬ glob-stream@3.1.18
73 silly idealTree │ ├── glob@4.5.3
73 silly idealTree │ ├── minimatch@2.0.10
73 silly idealTree │ ├── readable-stream@1.0.33
73 silly idealTree │ └── through2@0.6.5
73 silly idealTree ├── glob-watcher@0.0.6
73 silly idealTree ├── glob@5.0.15
73 silly idealTree ├── glob2base@0.0.12
73 silly idealTree ├─┬ globule@0.1.0
73 silly idealTree │ ├── glob@3.1.21
73 silly idealTree │ ├── graceful-fs@1.2.3
73 silly idealTree │ ├── inherits@1.0.2
73 silly idealTree │ └── minimatch@0.2.14
73 silly idealTree ├── glogg@1.0.0
73 silly idealTree ├─┬ got@0.2.0
73 silly idealTree │ └── object-assign@0.3.1
73 silly idealTree ├── graceful-fs@4.1.3
73 silly idealTree ├── gulp-util@3.0.7
73 silly idealTree ├── gulp@3.9.1
73 silly idealTree ├── gulplog@1.0.0
73 silly idealTree ├─┬ handlebars@4.0.5
73 silly idealTree │ └── source-map@0.4.4
73 silly idealTree ├── has-ansi@2.0.0
73 silly idealTree ├── has-flag@1.0.0
73 silly idealTree ├── has-gulplog@0.1.0
73 silly idealTree ├── has@1.0.1
73 silly idealTree ├── hash.js@1.0.3
73 silly idealTree ├── hooks-fixed@1.1.0
73 silly idealTree ├── hosted-git-info@2.1.4
73 silly idealTree ├── htmlescape@1.1.1
73 silly idealTree ├── https-browserify@0.0.1
73 silly idealTree ├── ieee754@1.1.6
73 silly idealTree ├── indent-string@2.1.0
73 silly idealTree ├── indexof@0.0.1
73 silly idealTree ├── inflight@1.0.4
73 silly idealTree ├── inherits@2.0.1
73 silly idealTree ├── inline-source-map@0.6.1
73 silly idealTree ├── insert-module-globals@7.0.1
73 silly idealTree ├─┬ intern@3.1.1
73 silly idealTree │ ├── glob@7.0.3
73 silly idealTree │ └── source-map@0.1.33
73 silly idealTree ├── interpret@1.0.0
73 silly idealTree ├── is-absolute@0.1.7
73 silly idealTree ├── is-arrayish@0.2.1
73 silly idealTree ├── is-buffer@1.1.3
73 silly idealTree ├── is-builtin-module@1.0.0
73 silly idealTree ├── is-finite@1.0.1
73 silly idealTree ├── is-relative@0.1.3
73 silly idealTree ├── is-utf8@0.2.1
73 silly idealTree ├── isarray@0.0.1
73 silly idealTree ├── isexe@1.1.2
73 silly idealTree ├─┬ istanbul@0.4.1
73 silly idealTree │ ├── nopt@3.0.6
73 silly idealTree │ └── supports-color@3.1.2
73 silly idealTree ├── js-yaml@3.5.5
73 silly idealTree ├── json-stable-stringify@0.0.1
73 silly idealTree ├── jsonify@0.0.0
73 silly idealTree ├── jsonparse@1.2.0
73 silly idealTree ├── JSONStream@1.1.1
73 silly idealTree ├── jszip@2.5.0
73 silly idealTree ├── kareem@1.0.1
73 silly idealTree ├── kind-of@3.0.2
73 silly idealTree ├── labeled-stream-splicer@2.0.0
73 silly idealTree ├── lazy-cache@1.0.3
73 silly idealTree ├── leadfoot@1.6.6
73 silly idealTree ├── levn@0.2.5
73 silly idealTree ├── lexical-scope@1.2.0
73 silly idealTree ├── liftoff@2.2.1
73 silly idealTree ├── load-json-file@1.1.0
73 silly idealTree ├── lodash._basecopy@3.0.1
73 silly idealTree ├── lodash._basetostring@3.0.1
73 silly idealTree ├── lodash._basevalues@3.0.0
73 silly idealTree ├── lodash._getnative@3.9.1
73 silly idealTree ├── lodash._isiterateecall@3.0.9
73 silly idealTree ├── lodash._reescape@3.0.0
73 silly idealTree ├── lodash._reevaluate@3.0.0
73 silly idealTree ├── lodash._reinterpolate@3.0.0
73 silly idealTree ├── lodash._root@3.0.1
73 silly idealTree ├── lodash.escape@3.2.0
73 silly idealTree ├── lodash.isarguments@3.0.8
73 silly idealTree ├── lodash.isarray@3.0.4
73 silly idealTree ├── lodash.keys@3.1.2
73 silly idealTree ├── lodash.memoize@3.0.4
73 silly idealTree ├── lodash.restparam@3.6.1
73 silly idealTree ├── lodash.template@3.6.2
73 silly idealTree ├── lodash.templatesettings@3.1.1
73 silly idealTree ├── lodash@1.0.2
73 silly idealTree ├── longest@1.0.1
73 silly idealTree ├── loud-rejection@1.3.0
73 silly idealTree ├── lru-cache@2.7.3
73 silly idealTree ├─┬ map-key@0.1.5
73 silly idealTree │ └── lodash@2.4.2
73 silly idealTree ├── map-obj@1.0.1
73 silly idealTree ├─┬ meow@3.7.0
73 silly idealTree │ └── object-assign@4.0.1
73 silly idealTree ├── miller-rabin@4.0.0
73 silly idealTree ├── mimetype@0.0.8
73 silly idealTree ├── minimalistic-assert@1.0.0
73 silly idealTree ├── minimatch@3.0.0
73 silly idealTree ├── minimist@1.2.0
73 silly idealTree ├─┬ mkdirp@0.5.1
73 silly idealTree │ └── minimist@0.0.8
73 silly idealTree ├─┬ module-deps@4.0.5
73 silly idealTree │ ├── duplexer2@0.1.4
73 silly idealTree │ ├── isarray@1.0.0
73 silly idealTree │ └── readable-stream@2.0.6
73 silly idealTree ├── mongodb-core@1.3.9
73 silly idealTree ├─┬ mongodb@2.1.10
73 silly idealTree │ └── readable-stream@1.0.31
73 silly idealTree ├── mongoose@4.4.10
73 silly idealTree ├── mpath@0.2.1
73 silly idealTree ├── mpromise@0.5.5
73 silly idealTree ├─┬ mquery@1.10.0
73 silly idealTree │ └── sliced@0.0.5
73 silly idealTree ├── ms@0.7.1
73 silly idealTree ├── multipipe@0.1.2
73 silly idealTree ├── muri@1.1.0
73 silly idealTree ├── ng-focus-if@1.0.5
73 silly idealTree ├── nopt@2.2.1
73 silly idealTree ├── normalize-package-data@2.3.5
73 silly idealTree ├── number-is-nan@1.0.0
73 silly idealTree ├── object-assign@3.0.0
73 silly idealTree ├── once@1.3.3
73 silly idealTree ├─┬ optimist@0.6.1
73 silly idealTree │ ├── minimist@0.0.10
73 silly idealTree │ └── wordwrap@0.0.3
73 silly idealTree ├─┬ optionator@0.5.0
73 silly idealTree │ └── wordwrap@0.0.3
73 silly idealTree ├── orchestrator@0.3.7
73 silly idealTree ├── ordered-read-streams@0.1.0
73 silly idealTree ├── os-browserify@0.1.2
73 silly idealTree ├── os-homedir@1.0.1
73 silly idealTree ├── pako@0.2.8
73 silly idealTree ├── parents@1.0.1
73 silly idealTree ├── parse-asn1@5.0.0
73 silly idealTree ├── parse-json@2.2.0
73 silly idealTree ├── path-browserify@0.0.0
73 silly idealTree ├── path-exists@2.1.0
73 silly idealTree ├── path-is-absolute@1.0.0
73 silly idealTree ├── path-platform@0.11.15
73 silly idealTree ├── path-type@1.1.0
73 silly idealTree ├── pbkdf2@3.0.4
73 silly idealTree ├── pify@2.3.0
73 silly idealTree ├── pinkie-promise@2.0.0
73 silly idealTree ├── pinkie@2.0.4
73 silly idealTree ├── prelude-ls@1.1.2
73 silly idealTree ├── pretty-hrtime@1.0.2
73 silly idealTree ├── process-nextick-args@1.0.6
73 silly idealTree ├── process@0.11.2
73 silly idealTree ├── public-encrypt@4.0.0
73 silly idealTree ├── punycode@1.4.1
73 silly idealTree ├── querystring-es3@0.2.1
73 silly idealTree ├── querystring@0.2.0
73 silly idealTree ├── randombytes@2.0.3
73 silly idealTree ├─┬ read-only-stream@2.0.0
73 silly idealTree │ ├── isarray@1.0.0
73 silly idealTree │ └── readable-stream@2.0.6
73 silly idealTree ├── read-pkg-up@1.0.1
73 silly idealTree ├── read-pkg@1.1.0
73 silly idealTree ├── readable-stream@1.1.13
73 silly idealTree ├── rechoir@0.6.2
73 silly idealTree ├── redent@1.0.0
73 silly idealTree ├── regexp-clone@0.0.1
73 silly idealTree ├── repeat-string@1.5.4
73 silly idealTree ├── repeating@2.0.0
73 silly idealTree ├── replace-ext@0.0.1
73 silly idealTree ├─┬ require_optional@1.0.0
73 silly idealTree │ └── semver@5.1.0
73 silly idealTree ├── resolve-from@2.0.0
73 silly idealTree ├── resolve@1.1.7
73 silly idealTree ├── right-align@0.1.3
73 silly idealTree ├─┬ rimraf@2.5.2
73 silly idealTree │ └── glob@7.0.3
73 silly idealTree ├── ripemd160@1.0.1
73 silly idealTree ├── sauce-connect@0.1.1
73 silly idealTree ├── semver@4.3.6
73 silly idealTree ├── sequencify@0.0.7
73 silly idealTree ├── sha.js@2.4.5
73 silly idealTree ├── shasum@1.0.2
73 silly idealTree ├── shell-quote@1.5.0
73 silly idealTree ├── sigmund@1.0.1
73 silly idealTree ├── signal-exit@2.1.2
73 silly idealTree ├── sliced@1.0.1
73 silly idealTree ├── source-map@0.4.2
73 silly idealTree ├── sparkles@1.0.0
73 silly idealTree ├── spdx-correct@1.0.2
73 silly idealTree ├── spdx-exceptions@1.0.4
73 silly idealTree ├── spdx-expression-parse@1.0.2
73 silly idealTree ├── spdx-license-ids@1.2.0
73 silly idealTree ├── sprintf-js@1.0.3
73 silly idealTree ├─┬ stream-browserify@2.0.1
73 silly idealTree │ ├── isarray@1.0.0
73 silly idealTree │ └── readable-stream@2.0.6
73 silly idealTree ├── stream-combiner@0.0.4
73 silly idealTree ├─┬ stream-combiner2@1.1.1
73 silly idealTree │ ├── duplexer2@0.1.4
73 silly idealTree │ ├── isarray@1.0.0
73 silly idealTree │ └── readable-stream@2.0.6
73 silly idealTree ├── stream-consume@0.1.0
73 silly idealTree ├── stream-http@2.2.1
73 silly idealTree ├─┬ stream-splicer@2.0.0
73 silly idealTree │ ├── isarray@1.0.0
73 silly idealTree │ └── readable-stream@2.0.6
73 silly idealTree ├── string_decoder@0.10.31
73 silly idealTree ├── strip-ansi@3.0.1
73 silly idealTree ├── strip-bom@2.0.0
73 silly idealTree ├── strip-indent@1.0.1
73 silly idealTree ├── subarg@1.0.0
73 silly idealTree ├── supports-color@2.0.0
73 silly idealTree ├─┬ syntax-error@1.1.5
73 silly idealTree │ └── acorn@2.7.0
73 silly idealTree ├── tar@0.1.20
73 silly idealTree ├── tempfile@0.1.3
73 silly idealTree ├── through@2.3.8
73 silly idealTree ├─┬ through2@2.0.1
73 silly idealTree │ ├── isarray@1.0.0
73 silly idealTree │ └── readable-stream@2.0.6
73 silly idealTree ├── tildify@1.1.2
73 silly idealTree ├── time-stamp@1.0.0
73 silly idealTree ├── timers-browserify@1.4.2
73 silly idealTree ├── to-arraybuffer@1.0.1
73 silly idealTree ├── trim-newlines@1.0.0
73 silly idealTree ├── tty-browserify@0.0.0
73 silly idealTree ├── type-check@0.3.2
73 silly idealTree ├── type-detect@1.0.0
73 silly idealTree ├── typedarray@0.0.6
73 silly idealTree ├─┬ uglify-js@2.6.2
73 silly idealTree │ ├── async@0.2.10
73 silly idealTree │ └── source-map@0.5.3
73 silly idealTree ├── uglify-to-browserify@1.0.2
73 silly idealTree ├── umd@3.0.1
73 silly idealTree ├── underscore.string@2.3.3
73 silly idealTree ├── unique-stream@1.0.0
73 silly idealTree ├─┬ url@0.11.0
73 silly idealTree │ └── punycode@1.3.2
73 silly idealTree ├── user-home@1.1.1
73 silly idealTree ├── util-deprecate@1.0.2
73 silly idealTree ├── util@0.10.3
73 silly idealTree ├── uuid@1.4.2
73 silly idealTree ├── v8flags@2.0.11
73 silly idealTree ├── validate-npm-package-license@3.0.1
73 silly idealTree ├─┬ vinyl-fs@0.3.14
73 silly idealTree │ ├── clone@0.2.0
73 silly idealTree │ ├── graceful-fs@3.0.8
73 silly idealTree │ ├── readable-stream@1.0.33
73 silly idealTree │ ├── strip-bom@1.0.0
73 silly idealTree │ ├── through2@0.6.5
73 silly idealTree │ └── vinyl@0.4.6
73 silly idealTree ├─┬ vinyl-source-stream@1.1.0
73 silly idealTree │ ├── clone@0.2.0
73 silly idealTree │ ├── readable-stream@1.0.33
73 silly idealTree │ ├── through2@0.6.5
73 silly idealTree │ └── vinyl@0.4.6
73 silly idealTree ├── vinyl@0.5.3
73 silly idealTree ├── vm-browserify@0.0.4
73 silly idealTree ├── which@1.2.4
73 silly idealTree ├── window-size@0.1.0
73 silly idealTree ├── wordwrap@1.0.0
73 silly idealTree ├── wrappy@1.0.1
73 silly idealTree ├── xtend@4.0.1
73 silly idealTree └─┬ yargs@3.10.0
73 silly idealTree   └── camelcase@1.2.1
74 silly generateActionsToTake Starting
75 silly install generateActionsToTake
76 silly generateActionsToTake Finishing
77 silly diffTrees action count 1
78 silly diffTrees add sauce-connect@0.1.1
79 silly decomposeActions action count 8
80 silly decomposeActions fetch sauce-connect@0.1.1
81 silly decomposeActions extract sauce-connect@0.1.1
82 silly decomposeActions test sauce-connect@0.1.1
83 silly decomposeActions preinstall sauce-connect@0.1.1
84 silly decomposeActions build sauce-connect@0.1.1
85 silly decomposeActions install sauce-connect@0.1.1
86 silly decomposeActions postinstall sauce-connect@0.1.1
87 silly decomposeActions finalize sauce-connect@0.1.1
88 silly executeActions Starting
89 silly install executeActions
90 silly doSerial global-install 0
91 silly doParallel fetch 1
92 verbose correctMkdir /Users/aliu/.npm/_locks correctMkdir not in flight; initializing
93 verbose lock using /Users/aliu/.npm/_locks/staging-e3a0204b2e54d7af.lock for /Users/aliu/Tresors/Code/todo2/node_modules/.staging
94 silly doParallel extract 1
95 silly extract sauce-connect@0.1.1
96 verbose unbuild node_modules/.staging/sauce-connect-85264e83
97 silly gentlyRm /Users/aliu/Tresors/Code/todo2/node_modules/.staging/sauce-connect-85264e83 is being purged from base /Users/aliu/Tresors/Code/todo2
98 verbose gentlyRm don't care about contents; nuking /Users/aliu/Tresors/Code/todo2/node_modules/.staging/sauce-connect-85264e83
99 verbose tar unpack /Users/aliu/.npm/sauce-connect/0.1.1/package.tgz
100 verbose tar unpacking to /Users/aliu/Tresors/Code/todo2/node_modules/.staging/sauce-connect-85264e83
101 silly gentlyRm /Users/aliu/Tresors/Code/todo2/node_modules/.staging/sauce-connect-85264e83 is being purged
102 verbose gentlyRm don't care about contents; nuking /Users/aliu/Tresors/Code/todo2/node_modules/.staging/sauce-connect-85264e83
103 silly gunzTarPerm modes [ '755', '644' ]
104 silly gunzTarPerm extractEntry package.json
105 silly gunzTarPerm extractEntry .npmignore
106 silly gunzTarPerm extractEntry README.md
107 silly gunzTarPerm extractEntry lib/sauce-connect.coffee
108 silly gunzTarPerm extractEntry Makefile
109 silly gentlyRm /Users/aliu/Tresors/Code/todo2/node_modules/.staging/sauce-connect-85264e83/node_modules is being purged
110 verbose gentlyRm don't care about contents; nuking /Users/aliu/Tresors/Code/todo2/node_modules/.staging/sauce-connect-85264e83/node_modules
111 silly doParallel preinstall 1
112 silly preinstall sauce-connect@0.1.1 /Users/aliu/Tresors/Code/todo2/node_modules/.staging/sauce-connect-85264e83
113 info lifecycle sauce-connect@0.1.1~preinstall: sauce-connect@0.1.1
114 silly lifecycle sauce-connect@0.1.1~preinstall: no script for preinstall, continuing
115 silly doReverseSerial remove 0
116 silly doSerial move 0
117 silly doSerial finalize 1
118 silly finalize /Users/aliu/Tresors/Code/todo2/node_modules/sauce-connect
119 silly doSerial build 1
120 silly build sauce-connect@0.1.1
121 info linkStuff sauce-connect@0.1.1
122 silly linkStuff sauce-connect@0.1.1 has /Users/aliu/Tresors/Code/todo2/node_modules as its parent node_modules
123 verbose linkBins sauce-connect@0.1.1
124 verbose linkMans sauce-connect@0.1.1
125 silly doSerial global-link 0
126 silly doParallel update-linked 0
127 silly doSerial install 1
128 silly install sauce-connect@0.1.1 /Users/aliu/Tresors/Code/todo2/node_modules/.staging/sauce-connect-85264e83
129 info lifecycle sauce-connect@0.1.1~install: sauce-connect@0.1.1
130 verbose lifecycle sauce-connect@0.1.1~install: unsafe-perm in lifecycle true
131 verbose lifecycle sauce-connect@0.1.1~install: PATH: /usr/local/lib/node_modules/npm/bin/node-gyp-bin:/Users/aliu/Tresors/Code/todo2/node_modules/sauce-connect/node_modules/.bin:/Users/aliu/Tresors/Code/todo2/node_modules/.bin:/usr/local/bin:/Users/aliu/.nvm/versions/node/v4.2.2/bin:/usr/local/bin:/usr/bin:/bin:/usr/sbin:/sbin:/usr/local/bin:/opt/X11/bin:/usr/local/git/bin
132 verbose lifecycle sauce-connect@0.1.1~install: CWD: /Users/aliu/Tresors/Code/todo2/node_modules/sauce-connect
133 silly lifecycle sauce-connect@0.1.1~install: Args: [ '-c', 'make install' ]
134 silly lifecycle sauce-connect@0.1.1~install: Returned: code: 2  signal: null
135 info lifecycle sauce-connect@0.1.1~install: Failed to exec install script
136 verbose unlock done using /Users/aliu/.npm/_locks/staging-e3a0204b2e54d7af.lock for /Users/aliu/Tresors/Code/todo2/node_modules/.staging
137 silly rollbackFailedOptional Starting
138 silly rollbackFailedOptional Finishing
139 silly runTopLevelLifecycles Starting
140 silly runTopLevelLifecycles Finishing
141 silly install printInstalled
142 warn todo2@1.0.0 No repository field.
143 verbose stack Error: sauce-connect@0.1.1 install: `make install`
143 verbose stack Exit status 2
143 verbose stack     at EventEmitter.<anonymous> (/usr/local/lib/node_modules/npm/lib/utils/lifecycle.js:232:16)
143 verbose stack     at emitTwo (events.js:100:13)
143 verbose stack     at EventEmitter.emit (events.js:185:7)
143 verbose stack     at ChildProcess.<anonymous> (/usr/local/lib/node_modules/npm/lib/utils/spawn.js:24:14)
143 verbose stack     at emitTwo (events.js:100:13)
143 verbose stack     at ChildProcess.emit (events.js:185:7)
143 verbose stack     at maybeClose (internal/child_process.js:827:16)
143 verbose stack     at Process.ChildProcess._handle.onexit (internal/child_process.js:211:5)
144 verbose pkgid sauce-connect@0.1.1
145 verbose cwd /Users/aliu/Tresors/Code/todo2
146 error Darwin 15.3.0
147 error argv "/usr/local/bin/node" "/usr/local/bin/npm" "install" "sauce-connect" "--save-dev"
148 error node v5.7.1
149 error npm  v3.6.0
150 error code ELIFECYCLE
151 error sauce-connect@0.1.1 install: `make install`
151 error Exit status 2
152 error Failed at the sauce-connect@0.1.1 install script 'make install'.
152 error Make sure you have the latest version of node.js and npm installed.
152 error If you do, this is most likely a problem with the sauce-connect package,
152 error not with npm itself.
152 error Tell the author that this fails on your system:
152 error     make install
152 error You can get information on how to open an issue for this project with:
152 error     npm bugs sauce-connect
152 error Or if that isn't available, you can get their info via:
152 error     npm owner ls sauce-connect
152 error There is likely additional logging output above.
153 verbose exit [ 1, true ]
